time="2019-07-22T18:24:02+07:00" level=info msg="hello world"
time="2019-09-25T22:46:44+07:00" level=info msg="hello world"
time="2019-09-25T22:47:07+07:00" level=info msg="hello world"
time="2019-09-25T22:47:40+07:00" level=info msg="hello world"
time="2019-09-25T22:49:09+07:00" level=info msg="hello world"
time="2019-09-25T22:51:24+07:00" level=info msg="hello world"
time="2019-09-25T22:52:00+07:00" level=info msg="hello world"
time="2019-09-25T22:52:42+07:00" level=info msg="hello world"
time="2019-09-25T23:04:25+07:00" level=info msg="hello world"
time="2019-09-25T23:04:58+07:00" level=info msg="gogstash started..."
time="2019-09-25T23:04:58+07:00" level=error msg="ReadMapCB: expect { or n, but found 1, error found in #1 byte of ...|1|..., bigger context ...|1|..."
time="2019-09-25T23:04:58+07:00" level=error msg="ReadMapCB: expect { or n, but found 2, error found in #1 byte of ...|2|..., bigger context ...|2|..."
time="2019-09-25T23:04:58+07:00" level=error msg="ReadMapCB: expect { or n, but found 3, error found in #1 byte of ...|3|..., bigger context ...|3|..."
time="2019-09-25T23:04:58+07:00" level=error msg="ReadMapCB: expect { or n, but found 4, error found in #1 byte of ...|4|..., bigger context ...|4|..."
time="2019-09-25T23:12:38+07:00" level=error msg="ReadMapCB: expect \" after }, but found \\, error found in #2 byte of ...|{\\\"kk\\\": \\\"1|..., bigger context ...|{\\\"kk\\\": \\\"1\\\"}|..."
time="2019-09-25T23:14:11+07:00" level=error msg="ReadMapCB: expect \" after }, but found \\, error found in #2 byte of ...|{\\\"kk\\\": \\\"1|..., bigger context ...|{\\\"kk\\\": \\\"1\\\"}|..."
time="2019-09-25T23:15:08+07:00" level=info msg="hello world"
time="2019-09-25T23:15:39+07:00" level=info msg="hello world"
time="2019-09-25T23:15:41+07:00" level=info msg="gogstash started..."
time="2019-09-25T23:15:45+07:00" level=error msg="ReadMapCB: expect \" after }, but found \\, error found in #2 byte of ...|{\\\"kk\\\": \\\"1|..., bigger context ...|{\\\"kk\\\": \\\"1\\\"}|..."
time="2019-09-25T23:15:48+07:00" level=error msg="ReadMapCB: expect \" after }, but found \\, error found in #2 byte of ...|{\\\"kk\\\": \\\"1|..., bigger context ...|{\\\"kk\\\": \\\"1\\\"}|..."
time="2019-09-25T23:15:49+07:00" level=error msg="ReadMapCB: expect \" after }, but found \\, error found in #2 byte of ...|{\\\"kk\\\": \\\"1|..., bigger context ...|{\\\"kk\\\": \\\"1\\\"}|..."
time="2019-09-25T23:15:49+07:00" level=error msg="ReadMapCB: expect \" after }, but found \\, error found in #2 byte of ...|{\\\"kk\\\": \\\"1|..., bigger context ...|{\\\"kk\\\": \\\"1\\\"}|..."
time="2019-09-25T23:15:50+07:00" level=error msg="ReadMapCB: expect \" after }, but found \\, error found in #2 byte of ...|{\\\"kk\\\": \\\"1|..., bigger context ...|{\\\"kk\\\": \\\"1\\\"}|..."
time="2019-09-25T23:16:12+07:00" level=error msg="ReadMapCB: expect \" after }, but found \\, error found in #2 byte of ...|{\\\"kk\\\": \\\"1|..., bigger context ...|{\\\"kk\\\": \\\"1\\\"}|..."
time="2019-09-25T23:16:13+07:00" level=error msg="ReadMapCB: expect \" after }, but found \\, error found in #2 byte of ...|{\\\"kk\\\": \\\"1|..., bigger context ...|{\\\"kk\\\": \\\"1\\\"}|..."
time="2019-09-25T23:16:13+07:00" level=error msg="ReadMapCB: expect \" after }, but found \\, error found in #2 byte of ...|{\\\"kk\\\": \\\"1|..., bigger context ...|{\\\"kk\\\": \\\"1\\\"}|..."
time="2019-09-25T23:16:14+07:00" level=error msg="ReadMapCB: expect \" after }, but found \\, error found in #2 byte of ...|{\\\"kk\\\": \\\"1|..., bigger context ...|{\\\"kk\\\": \\\"1\\\"}|..."
time="2019-09-25T23:16:14+07:00" level=error msg="ReadMapCB: expect \" after }, but found \\, error found in #2 byte of ...|{\\\"kk\\\": \\\"1|..., bigger context ...|{\\\"kk\\\": \\\"1\\\"}|..."
time="2019-09-25T23:16:14+07:00" level=error msg="ReadMapCB: expect \" after }, but found \\, error found in #2 byte of ...|{\\\"kk\\\": \\\"1|..., bigger context ...|{\\\"kk\\\": \\\"1\\\"}|..."
time="2019-09-25T23:16:15+07:00" level=error msg="ReadMapCB: expect \" after }, but found \\, error found in #2 byte of ...|{\\\"kk\\\": \\\"1|..., bigger context ...|{\\\"kk\\\": \\\"1\\\"}|..."
time="2019-09-25T23:16:15+07:00" level=error msg="ReadMapCB: expect \" after }, but found \\, error found in #2 byte of ...|{\\\"kk\\\": \\\"1|..., bigger context ...|{\\\"kk\\\": \\\"1\\\"}|..."
time="2019-09-25T23:16:15+07:00" level=error msg="ReadMapCB: expect \" after }, but found \\, error found in #2 byte of ...|{\\\"kk\\\": \\\"1|..., bigger context ...|{\\\"kk\\\": \\\"1\\\"}|..."
time="2019-09-25T23:16:15+07:00" level=error msg="ReadMapCB: expect \" after }, but found \\, error found in #2 byte of ...|{\\\"kk\\\": \\\"1|..., bigger context ...|{\\\"kk\\\": \\\"1\\\"}|..."
time="2019-09-25T23:17:54+07:00" level=info msg="hello world"
time="2019-09-25T23:17:56+07:00" level=info msg="gogstash started..."
time="2019-09-25T23:31:52+07:00" level=info msg="hello world"
time="2019-09-25T23:31:54+07:00" level=info msg="gogstash started..."
time="2019-09-25T23:57:06+07:00" level=info msg="hello world"
time="2019-09-25T23:57:57+07:00" level=info msg="gogstash started..."
time="2019-09-26T00:00:24+07:00" level=info msg="hello world"
time="2019-09-26T00:00:24+07:00" level=info msg="gogstash started..."
time="2019-09-26T00:02:55+07:00" level=info msg=interrupt
time="2019-09-26T00:02:55+07:00" level=info msg="input redis stopped"
